The MPI test test_mpi for CXX in mode normal failed to compile with the following output:
Change Dir: /home/dmend/octopodes/octoRL/armBuild/CMakeFiles/CMakeTmp

Run Build Command(s):/usr/bin/gmake -f Makefile cmTC_5503f/fast && /usr/bin/gmake  -f CMakeFiles/cmTC_5503f.dir/build.make CMakeFiles/cmTC_5503f.dir/build
gmake[1]: Entering directory '/home/dmend/octopodes/octoRL/armBuild/CMakeFiles/CMakeTmp'
Building CXX object CMakeFiles/cmTC_5503f.dir/test_mpi.cpp.o
/usr/bin/g++   -D_GLIBCXX_USE_CXX11_ABI=0  -o CMakeFiles/cmTC_5503f.dir/test_mpi.cpp.o -c /home/dmend/octopodes/octoRL/armBuild/CMakeFiles/FindMPI/test_mpi.cpp
/home/dmend/octopodes/octoRL/armBuild/CMakeFiles/FindMPI/test_mpi.cpp:1:10: fatal error: mpi.h: No such file or directory
 #include <mpi.h>
          ^~~~~~~
compilation terminated.
gmake[1]: *** [CMakeFiles/cmTC_5503f.dir/build.make:78: CMakeFiles/cmTC_5503f.dir/test_mpi.cpp.o] Error 1
gmake[1]: Leaving directory '/home/dmend/octopodes/octoRL/armBuild/CMakeFiles/CMakeTmp'
gmake: *** [Makefile:127: cmTC_5503f/fast] Error 2



The MPI test test_mpi for CXX in mode normal failed to compile with the following output:
Change Dir: /home/dmend/octopodes/octoRL/armBuild/CMakeFiles/CMakeTmp

Run Build Command(s):/usr/bin/gmake -f Makefile cmTC_936ba/fast && /usr/bin/gmake  -f CMakeFiles/cmTC_936ba.dir/build.make CMakeFiles/cmTC_936ba.dir/build
gmake[1]: Entering directory '/home/dmend/octopodes/octoRL/armBuild/CMakeFiles/CMakeTmp'
Building CXX object CMakeFiles/cmTC_936ba.dir/test_mpi.cpp.o
/usr/bin/g++   -D_GLIBCXX_USE_CXX11_ABI=0  -o CMakeFiles/cmTC_936ba.dir/test_mpi.cpp.o -c /home/dmend/octopodes/octoRL/armBuild/CMakeFiles/FindMPI/test_mpi.cpp
/home/dmend/octopodes/octoRL/armBuild/CMakeFiles/FindMPI/test_mpi.cpp:1:10: fatal error: mpi.h: No such file or directory
 #include <mpi.h>
          ^~~~~~~
compilation terminated.
gmake[1]: *** [CMakeFiles/cmTC_936ba.dir/build.make:78: CMakeFiles/cmTC_936ba.dir/test_mpi.cpp.o] Error 1
gmake[1]: Leaving directory '/home/dmend/octopodes/octoRL/armBuild/CMakeFiles/CMakeTmp'
gmake: *** [Makefile:127: cmTC_936ba/fast] Error 2



The MPI test test_mpi for CXX in mode normal failed to compile with the following output:
Change Dir: /home/dmend/octopodes/octoRL/armBuild/CMakeFiles/CMakeTmp

Run Build Command(s):/usr/bin/gmake -f Makefile cmTC_d171e/fast && /usr/bin/gmake  -f CMakeFiles/cmTC_d171e.dir/build.make CMakeFiles/cmTC_d171e.dir/build
gmake[1]: Entering directory '/home/dmend/octopodes/octoRL/armBuild/CMakeFiles/CMakeTmp'
Building CXX object CMakeFiles/cmTC_d171e.dir/test_mpi.cpp.o
/usr/bin/g++   -D_GLIBCXX_USE_CXX11_ABI=0  -o CMakeFiles/cmTC_d171e.dir/test_mpi.cpp.o -c /home/dmend/octopodes/octoRL/armBuild/CMakeFiles/FindMPI/test_mpi.cpp
/home/dmend/octopodes/octoRL/armBuild/CMakeFiles/FindMPI/test_mpi.cpp:1:10: fatal error: mpi.h: No such file or directory
 #include <mpi.h>
          ^~~~~~~
compilation terminated.
gmake[1]: *** [CMakeFiles/cmTC_d171e.dir/build.make:78: CMakeFiles/cmTC_d171e.dir/test_mpi.cpp.o] Error 1
gmake[1]: Leaving directory '/home/dmend/octopodes/octoRL/armBuild/CMakeFiles/CMakeTmp'
gmake: *** [Makefile:127: cmTC_d171e/fast] Error 2



The MPI test test_mpi for CXX in mode normal failed to compile with the following output:
Change Dir: /home/dmend/octopodes/octoRL/armBuild/CMakeFiles/CMakeTmp

Run Build Command(s):/usr/bin/gmake -f Makefile cmTC_5b186/fast && /usr/bin/gmake  -f CMakeFiles/cmTC_5b186.dir/build.make CMakeFiles/cmTC_5b186.dir/build
gmake[1]: Entering directory '/home/dmend/octopodes/octoRL/armBuild/CMakeFiles/CMakeTmp'
Building CXX object CMakeFiles/cmTC_5b186.dir/test_mpi.cpp.o
/usr/bin/g++   -D_GLIBCXX_USE_CXX11_ABI=0  -o CMakeFiles/cmTC_5b186.dir/test_mpi.cpp.o -c /home/dmend/octopodes/octoRL/armBuild/CMakeFiles/FindMPI/test_mpi.cpp
/home/dmend/octopodes/octoRL/armBuild/CMakeFiles/FindMPI/test_mpi.cpp:1:10: fatal error: mpi.h: No such file or directory
 #include <mpi.h>
          ^~~~~~~
compilation terminated.
gmake[1]: *** [CMakeFiles/cmTC_5b186.dir/build.make:78: CMakeFiles/cmTC_5b186.dir/test_mpi.cpp.o] Error 1
gmake[1]: Leaving directory '/home/dmend/octopodes/octoRL/armBuild/CMakeFiles/CMakeTmp'
gmake: *** [Makefile:127: cmTC_5b186/fast] Error 2



The MPI test test_mpi for CXX in mode normal failed to compile with the following output:
Change Dir: /home/dmend/octopodes/octoRL/armBuild/CMakeFiles/CMakeTmp

Run Build Command(s):/usr/bin/gmake -f Makefile cmTC_656af/fast && /usr/bin/gmake  -f CMakeFiles/cmTC_656af.dir/build.make CMakeFiles/cmTC_656af.dir/build
gmake[1]: Entering directory '/home/dmend/octopodes/octoRL/armBuild/CMakeFiles/CMakeTmp'
Building CXX object CMakeFiles/cmTC_656af.dir/test_mpi.cpp.o
/usr/bin/g++   -D_GLIBCXX_USE_CXX11_ABI=0  -o CMakeFiles/cmTC_656af.dir/test_mpi.cpp.o -c /home/dmend/octopodes/octoRL/armBuild/CMakeFiles/FindMPI/test_mpi.cpp
/home/dmend/octopodes/octoRL/armBuild/CMakeFiles/FindMPI/test_mpi.cpp:1:10: fatal error: mpi.h: No such file or directory
 #include <mpi.h>
          ^~~~~~~
compilation terminated.
gmake[1]: *** [CMakeFiles/cmTC_656af.dir/build.make:78: CMakeFiles/cmTC_656af.dir/test_mpi.cpp.o] Error 1
gmake[1]: Leaving directory '/home/dmend/octopodes/octoRL/armBuild/CMakeFiles/CMakeTmp'
gmake: *** [Makefile:127: cmTC_656af/fast] Error 2



The MPI test test_mpi for CXX in mode normal failed to compile with the following output:
Change Dir: /home/dmend/octopodes/octoRL/armBuild/CMakeFiles/CMakeTmp

Run Build Command(s):/usr/bin/gmake -f Makefile cmTC_f0b3d/fast && /usr/bin/gmake  -f CMakeFiles/cmTC_f0b3d.dir/build.make CMakeFiles/cmTC_f0b3d.dir/build
gmake[1]: Entering directory '/home/dmend/octopodes/octoRL/armBuild/CMakeFiles/CMakeTmp'
Building CXX object CMakeFiles/cmTC_f0b3d.dir/test_mpi.cpp.o
/usr/bin/g++   -D_GLIBCXX_USE_CXX11_ABI=0  -o CMakeFiles/cmTC_f0b3d.dir/test_mpi.cpp.o -c /home/dmend/octopodes/octoRL/armBuild/CMakeFiles/FindMPI/test_mpi.cpp
/home/dmend/octopodes/octoRL/armBuild/CMakeFiles/FindMPI/test_mpi.cpp:1:10: fatal error: mpi.h: No such file or directory
 #include <mpi.h>
          ^~~~~~~
compilation terminated.
gmake[1]: *** [CMakeFiles/cmTC_f0b3d.dir/build.make:78: CMakeFiles/cmTC_f0b3d.dir/test_mpi.cpp.o] Error 1
gmake[1]: Leaving directory '/home/dmend/octopodes/octoRL/armBuild/CMakeFiles/CMakeTmp'
gmake: *** [Makefile:127: cmTC_f0b3d/fast] Error 2



The MPI test test_mpi for CXX in mode normal failed to compile with the following output:
Change Dir: /home/dmend/octopodes/octoRL/armBuild/CMakeFiles/CMakeTmp

Run Build Command(s):/usr/bin/gmake -f Makefile cmTC_1f3fe/fast && /usr/bin/gmake  -f CMakeFiles/cmTC_1f3fe.dir/build.make CMakeFiles/cmTC_1f3fe.dir/build
gmake[1]: Entering directory '/home/dmend/octopodes/octoRL/armBuild/CMakeFiles/CMakeTmp'
Building CXX object CMakeFiles/cmTC_1f3fe.dir/test_mpi.cpp.o
/usr/bin/g++   -D_GLIBCXX_USE_CXX11_ABI=0  -o CMakeFiles/cmTC_1f3fe.dir/test_mpi.cpp.o -c /home/dmend/octopodes/octoRL/armBuild/CMakeFiles/FindMPI/test_mpi.cpp
/home/dmend/octopodes/octoRL/armBuild/CMakeFiles/FindMPI/test_mpi.cpp:1:10: fatal error: mpi.h: No such file or directory
 #include <mpi.h>
          ^~~~~~~
compilation terminated.
gmake[1]: *** [CMakeFiles/cmTC_1f3fe.dir/build.make:78: CMakeFiles/cmTC_1f3fe.dir/test_mpi.cpp.o] Error 1
gmake[1]: Leaving directory '/home/dmend/octopodes/octoRL/armBuild/CMakeFiles/CMakeTmp'
gmake: *** [Makefile:127: cmTC_1f3fe/fast] Error 2



The MPI test test_mpi for CXX in mode normal failed to compile with the following output:
Change Dir: /home/dmend/octopodes/octoRL/armBuild/CMakeFiles/CMakeTmp

Run Build Command(s):/usr/bin/gmake -f Makefile cmTC_e954f/fast && /usr/bin/gmake  -f CMakeFiles/cmTC_e954f.dir/build.make CMakeFiles/cmTC_e954f.dir/build
gmake[1]: Entering directory '/home/dmend/octopodes/octoRL/armBuild/CMakeFiles/CMakeTmp'
Building CXX object CMakeFiles/cmTC_e954f.dir/test_mpi.cpp.o
/usr/bin/g++   -D_GLIBCXX_USE_CXX11_ABI=0  -o CMakeFiles/cmTC_e954f.dir/test_mpi.cpp.o -c /home/dmend/octopodes/octoRL/armBuild/CMakeFiles/FindMPI/test_mpi.cpp
/home/dmend/octopodes/octoRL/armBuild/CMakeFiles/FindMPI/test_mpi.cpp:1:10: fatal error: mpi.h: No such file or directory
 #include <mpi.h>
          ^~~~~~~
compilation terminated.
gmake[1]: *** [CMakeFiles/cmTC_e954f.dir/build.make:78: CMakeFiles/cmTC_e954f.dir/test_mpi.cpp.o] Error 1
gmake[1]: Leaving directory '/home/dmend/octopodes/octoRL/armBuild/CMakeFiles/CMakeTmp'
gmake: *** [Makefile:127: cmTC_e954f/fast] Error 2



The MPI test test_mpi for CXX in mode normal failed to compile with the following output:
Change Dir: /home/dmend/octopodes/octoRL/armBuild/CMakeFiles/CMakeTmp

Run Build Command(s):/usr/bin/gmake -f Makefile cmTC_a81d5/fast && /usr/bin/gmake  -f CMakeFiles/cmTC_a81d5.dir/build.make CMakeFiles/cmTC_a81d5.dir/build
gmake[1]: Entering directory '/home/dmend/octopodes/octoRL/armBuild/CMakeFiles/CMakeTmp'
Building CXX object CMakeFiles/cmTC_a81d5.dir/test_mpi.cpp.o
/usr/bin/g++   -D_GLIBCXX_USE_CXX11_ABI=0  -o CMakeFiles/cmTC_a81d5.dir/test_mpi.cpp.o -c /home/dmend/octopodes/octoRL/armBuild/CMakeFiles/FindMPI/test_mpi.cpp
/home/dmend/octopodes/octoRL/armBuild/CMakeFiles/FindMPI/test_mpi.cpp:1:10: fatal error: mpi.h: No such file or directory
 #include <mpi.h>
          ^~~~~~~
compilation terminated.
gmake[1]: *** [CMakeFiles/cmTC_a81d5.dir/build.make:78: CMakeFiles/cmTC_a81d5.dir/test_mpi.cpp.o] Error 1
gmake[1]: Leaving directory '/home/dmend/octopodes/octoRL/armBuild/CMakeFiles/CMakeTmp'
gmake: *** [Makefile:127: cmTC_a81d5/fast] Error 2



The MPI test test_mpi for CXX in mode normal failed to compile with the following output:
Change Dir: /home/dmend/octopodes/octoRL/armBuild/CMakeFiles/CMakeTmp

Run Build Command(s):/usr/bin/gmake -f Makefile cmTC_d6dea/fast && /usr/bin/gmake  -f CMakeFiles/cmTC_d6dea.dir/build.make CMakeFiles/cmTC_d6dea.dir/build
gmake[1]: Entering directory '/home/dmend/octopodes/octoRL/armBuild/CMakeFiles/CMakeTmp'
Building CXX object CMakeFiles/cmTC_d6dea.dir/test_mpi.cpp.o
/usr/bin/g++   -D_GLIBCXX_USE_CXX11_ABI=0  -o CMakeFiles/cmTC_d6dea.dir/test_mpi.cpp.o -c /home/dmend/octopodes/octoRL/armBuild/CMakeFiles/FindMPI/test_mpi.cpp
/home/dmend/octopodes/octoRL/armBuild/CMakeFiles/FindMPI/test_mpi.cpp:1:10: fatal error: mpi.h: No such file or directory
 #include <mpi.h>
          ^~~~~~~
compilation terminated.
gmake[1]: *** [CMakeFiles/cmTC_d6dea.dir/build.make:78: CMakeFiles/cmTC_d6dea.dir/test_mpi.cpp.o] Error 1
gmake[1]: Leaving directory '/home/dmend/octopodes/octoRL/armBuild/CMakeFiles/CMakeTmp'
gmake: *** [Makefile:127: cmTC_d6dea/fast] Error 2



